  PEView.c
C:\Users\user\source\repos\CmdPEVeiw\CmdPEVeiw\PEView.c(26,7): warning C4013: 'exit'이(가) 정의되지 않았습니다. extern은 int형을 반환하는 것으로 간주합니다.
C:\Users\user\source\repos\CmdPEVeiw\CmdPEVeiw\PEView.c(42,20): warning C4133: '함수': 'int *'과(와) 'const char *' 사이의 형식이 호환되지 않습니다.
C:\Users\user\source\repos\CmdPEVeiw\CmdPEVeiw\PEView.c(45,25): warning C4133: '함수': 'int *'과(와) 'const char *' 사이의 형식이 호환되지 않습니다.
C:\Users\user\source\repos\CmdPEVeiw\CmdPEVeiw\PEView.c(21,1): warning C4133: '초기화 중': 'int *'과(와) 'char *' 사이의 형식이 호환되지 않습니다.
C:\Users\user\source\repos\CmdPEVeiw\CmdPEVeiw\PEView.c(29,13): warning C4996: 'fopen': This function or variable may be unsafe. Consider using fopen_s instead. To disable deprecation, use _CRT_SECURE_NO_WARNINGS. See online help for details.
C:\Users\user\source\repos\CmdPEVeiw\CmdPEVeiw\PEView.c(61,31): warning C4013: 'malloc'이(가) 정의되지 않았습니다. extern은 int형을 반환하는 것으로 간주합니다.
C:\Users\user\source\repos\CmdPEVeiw\CmdPEVeiw\PEView.c(84,7): warning C4013: 'free'이(가) 정의되지 않았습니다. extern은 int형을 반환하는 것으로 간주합니다.
C:\Users\user\source\repos\CmdPEVeiw\CmdPEVeiw\PEView.c(146,9): warning C4477: 'printf' : 서식 문자열 '%016X'에 'unsigned int' 형식의 인수가 필요하지만 variadic 인수 1의 형식이 'ULONGLONG'입니다.
C:\Users\user\source\repos\CmdPEVeiw\CmdPEVeiw\PEView.c(146,9): message : 서식 문자열에서 '%llX'을(를) 사용하는 것이 좋습니다.
C:\Users\user\source\repos\CmdPEVeiw\CmdPEVeiw\PEView.c(146,9): message : 서식 문자열에서 '%I64X'을(를) 사용하는 것이 좋습니다.
C:\Users\user\source\repos\CmdPEVeiw\CmdPEVeiw\PEView.c(161,9): warning C4477: 'printf' : 서식 문자열 '%016X'에 'unsigned int' 형식의 인수가 필요하지만 variadic 인수 1의 형식이 'ULONGLONG'입니다.
C:\Users\user\source\repos\CmdPEVeiw\CmdPEVeiw\PEView.c(161,9): message : 서식 문자열에서 '%llX'을(를) 사용하는 것이 좋습니다.
C:\Users\user\source\repos\CmdPEVeiw\CmdPEVeiw\PEView.c(161,9): message : 서식 문자열에서 '%I64X'을(를) 사용하는 것이 좋습니다.
C:\Users\user\source\repos\CmdPEVeiw\CmdPEVeiw\PEView.c(162,9): warning C4477: 'printf' : 서식 문자열 '%016X'에 'unsigned int' 형식의 인수가 필요하지만 variadic 인수 1의 형식이 'ULONGLONG'입니다.
C:\Users\user\source\repos\CmdPEVeiw\CmdPEVeiw\PEView.c(162,9): message : 서식 문자열에서 '%llX'을(를) 사용하는 것이 좋습니다.
C:\Users\user\source\repos\CmdPEVeiw\CmdPEVeiw\PEView.c(162,9): message : 서식 문자열에서 '%I64X'을(를) 사용하는 것이 좋습니다.
C:\Users\user\source\repos\CmdPEVeiw\CmdPEVeiw\PEView.c(163,9): warning C4477: 'printf' : 서식 문자열 '%016X'에 'unsigned int' 형식의 인수가 필요하지만 variadic 인수 1의 형식이 'ULONGLONG'입니다.
C:\Users\user\source\repos\CmdPEVeiw\CmdPEVeiw\PEView.c(163,9): message : 서식 문자열에서 '%llX'을(를) 사용하는 것이 좋습니다.
C:\Users\user\source\repos\CmdPEVeiw\CmdPEVeiw\PEView.c(163,9): message : 서식 문자열에서 '%I64X'을(를) 사용하는 것이 좋습니다.
C:\Users\user\source\repos\CmdPEVeiw\CmdPEVeiw\PEView.c(164,9): warning C4477: 'printf' : 서식 문자열 '%016X'에 'unsigned int' 형식의 인수가 필요하지만 variadic 인수 1의 형식이 'ULONGLONG'입니다.
C:\Users\user\source\repos\CmdPEVeiw\CmdPEVeiw\PEView.c(164,9): message : 서식 문자열에서 '%llX'을(를) 사용하는 것이 좋습니다.
C:\Users\user\source\repos\CmdPEVeiw\CmdPEVeiw\PEView.c(164,9): message : 서식 문자열에서 '%I64X'을(를) 사용하는 것이 좋습니다.
  CmdPEVeiw.vcxproj -> C:\Users\user\source\repos\CmdPEVeiw\Debug\CmdPEVeiw.exe
